<?xml version="1.0" encoding="UTF-8"?>
<testsuite xmlns:xsi="http://www.w3.org/2001/XMLSchema-instance" xsi:noNamespaceSchemaLocation="https://maven.apache.org/surefire/maven-surefire-plugin/xsd/surefire-test-report-3.0.xsd" version="3.0" name="com.suhit_project.Spring.ApplicationTests" time="2.306" tests="1" errors="0" skipped="0" failures="0">
  <properties>
    <property name="java.specification.version" value="17"/>
    <property name="sun.jnu.encoding" value="UTF-8"/>
    <property name="java.class.path" value="/Users/suhitadhikari/Desktop/getReal/Spring/target/test-classes:/Users/suhitadhikari/Desktop/getReal/Spring/target/classes:/Users/suhitadhikari/.m2/repository/org/springframework/boot/spring-boot-starter/3.2.0-SNAPSHOT/spring-boot-starter-3.2.0-SNAPSHOT.jar:/Users/suhitadhikari/.m2/repository/org/springframework/boot/spring-boot/3.2.0-SNAPSHOT/spring-boot-3.2.0-SNAPSHOT.jar:/Users/suhitadhikari/.m2/repository/org/springframework/spring-context/6.1.0-RC2/spring-context-6.1.0-RC2.jar:/Users/suhitadhikari/.m2/repository/org/springframework/spring-aop/6.1.0-RC2/spring-aop-6.1.0-RC2.jar:/Users/suhitadhikari/.m2/repository/org/springframework/spring-beans/6.1.0-RC2/spring-beans-6.1.0-RC2.jar:/Users/suhitadhikari/.m2/repository/org/springframework/spring-expression/6.1.0-RC2/spring-expression-6.1.0-RC2.jar:/Users/suhitadhikari/.m2/repository/io/micrometer/micrometer-observation/1.12.0-RC1/micrometer-observation-1.12.0-RC1.jar:/Users/suhitadhikari/.m2/repository/io/micrometer/micrometer-commons/1.12.0-RC1/micrometer-commons-1.12.0-RC1.jar:/Users/suhitadhikari/.m2/repository/org/springframework/boot/spring-boot-autoconfigure/3.2.0-SNAPSHOT/spring-boot-autoconfigure-3.2.0-SNAPSHOT.jar:/Users/suhitadhikari/.m2/repository/org/springframework/boot/spring-boot-starter-logging/3.2.0-SNAPSHOT/spring-boot-starter-logging-3.2.0-SNAPSHOT.jar:/Users/suhitadhikari/.m2/repository/ch/qos/logback/logback-classic/1.4.11/logback-classic-1.4.11.jar:/Users/suhitadhikari/.m2/repository/ch/qos/logback/logback-core/1.4.11/logback-core-1.4.11.jar:/Users/suhitadhikari/.m2/repository/org/apache/logging/log4j/log4j-to-slf4j/2.21.1/log4j-to-slf4j-2.21.1.jar:/Users/suhitadhikari/.m2/repository/org/apache/logging/log4j/log4j-api/2.21.1/log4j-api-2.21.1.jar:/Users/suhitadhikari/.m2/repository/org/slf4j/jul-to-slf4j/2.0.9/jul-to-slf4j-2.0.9.jar:/Users/suhitadhikari/.m2/repository/jakarta/annotation/jakarta.annotation-api/2.1.1/jakarta.annotation-api-2.1.1.jar:/Users/suhitadhikari/.m2/repository/org/springframework/spring-core/6.1.0-RC2/spring-core-6.1.0-RC2.jar:/Users/suhitadhikari/.m2/repository/org/springframework/spring-jcl/6.1.0-RC2/spring-jcl-6.1.0-RC2.jar:/Users/suhitadhikari/.m2/repository/org/yaml/snakeyaml/2.2/snakeyaml-2.2.jar:/Users/suhitadhikari/.m2/repository/org/springframework/boot/spring-boot-starter-test/3.2.0-SNAPSHOT/spring-boot-starter-test-3.2.0-SNAPSHOT.jar:/Users/suhitadhikari/.m2/repository/org/springframework/boot/spring-boot-test/3.2.0-SNAPSHOT/spring-boot-test-3.2.0-SNAPSHOT.jar:/Users/suhitadhikari/.m2/repository/org/springframework/boot/spring-boot-test-autoconfigure/3.2.0-SNAPSHOT/spring-boot-test-autoconfigure-3.2.0-SNAPSHOT.jar:/Users/suhitadhikari/.m2/repository/com/jayway/jsonpath/json-path/2.8.0/json-path-2.8.0.jar:/Users/suhitadhikari/.m2/repository/org/slf4j/slf4j-api/2.0.9/slf4j-api-2.0.9.jar:/Users/suhitadhikari/.m2/repository/jakarta/xml/bind/jakarta.xml.bind-api/4.0.1/jakarta.xml.bind-api-4.0.1.jar:/Users/suhitadhikari/.m2/repository/jakarta/activation/jakarta.activation-api/2.1.2/jakarta.activation-api-2.1.2.jar:/Users/suhitadhikari/.m2/repository/net/minidev/json-smart/2.5.0/json-smart-2.5.0.jar:/Users/suhitadhikari/.m2/repository/net/minidev/accessors-smart/2.5.0/accessors-smart-2.5.0.jar:/Users/suhitadhikari/.m2/repository/org/ow2/asm/asm/9.3/asm-9.3.jar:/Users/suhitadhikari/.m2/repository/org/assertj/assertj-core/3.24.2/assertj-core-3.24.2.jar:/Users/suhitadhikari/.m2/repository/org/awaitility/awaitility/4.2.0/awaitility-4.2.0.jar:/Users/suhitadhikari/.m2/repository/org/hamcrest/hamcrest/2.2/hamcrest-2.2.jar:/Users/suhitadhikari/.m2/repository/org/junit/jupiter/junit-jupiter/5.10.0/junit-jupiter-5.10.0.jar:/Users/suhitadhikari/.m2/repository/org/junit/jupiter/junit-jupiter-api/5.10.0/junit-jupiter-api-5.10.0.jar:/Users/suhitadhikari/.m2/repository/org/opentest4j/opentest4j/1.3.0/opentest4j-1.3.0.jar:/Users/suhitadhikari/.m2/repository/org/junit/platform/junit-platform-commons/1.10.0/junit-platform-commons-1.10.0.jar:/Users/suhitadhikari/.m2/repository/org/apiguardian/apiguardian-api/1.1.2/apiguardian-api-1.1.2.jar:/Users/suhitadhikari/.m2/repository/org/junit/jupiter/junit-jupiter-params/5.10.0/junit-jupiter-params-5.10.0.jar:/Users/suhitadhikari/.m2/repository/org/junit/jupiter/junit-jupiter-engine/5.10.0/junit-jupiter-engine-5.10.0.jar:/Users/suhitadhikari/.m2/repository/org/junit/platform/junit-platform-engine/1.10.0/junit-platform-engine-1.10.0.jar:/Users/suhitadhikari/.m2/repository/org/mockito/mockito-core/5.6.0/mockito-core-5.6.0.jar:/Users/suhitadhikari/.m2/repository/net/bytebuddy/byte-buddy-agent/1.14.9/byte-buddy-agent-1.14.9.jar:/Users/suhitadhikari/.m2/repository/org/objenesis/objenesis/3.3/objenesis-3.3.jar:/Users/suhitadhikari/.m2/repository/org/mockito/mockito-junit-jupiter/5.6.0/mockito-junit-jupiter-5.6.0.jar:/Users/suhitadhikari/.m2/repository/org/skyscreamer/jsonassert/1.5.1/jsonassert-1.5.1.jar:/Users/suhitadhikari/.m2/repository/com/vaadin/external/google/android-json/0.0.20131108.vaadin1/android-json-0.0.20131108.vaadin1.jar:/Users/suhitadhikari/.m2/repository/org/springframework/spring-test/6.1.0-RC2/spring-test-6.1.0-RC2.jar:/Users/suhitadhikari/.m2/repository/org/xmlunit/xmlunit-core/2.9.1/xmlunit-core-2.9.1.jar:/Users/suhitadhikari/.m2/repository/org/hibernate/orm/hibernate-core/6.3.1.Final/hibernate-core-6.3.1.Final.jar:/Users/suhitadhikari/.m2/repository/jakarta/persistence/jakarta.persistence-api/3.1.0/jakarta.persistence-api-3.1.0.jar:/Users/suhitadhikari/.m2/repository/jakarta/transaction/jakarta.transaction-api/2.0.1/jakarta.transaction-api-2.0.1.jar:/Users/suhitadhikari/.m2/repository/org/jboss/logging/jboss-logging/3.5.3.Final/jboss-logging-3.5.3.Final.jar:/Users/suhitadhikari/.m2/repository/org/hibernate/common/hibernate-commons-annotations/6.0.6.Final/hibernate-commons-annotations-6.0.6.Final.jar:/Users/suhitadhikari/.m2/repository/io/smallrye/jandex/3.1.2/jandex-3.1.2.jar:/Users/suhitadhikari/.m2/repository/com/fasterxml/classmate/1.6.0/classmate-1.6.0.jar:/Users/suhitadhikari/.m2/repository/net/bytebuddy/byte-buddy/1.14.9/byte-buddy-1.14.9.jar:/Users/suhitadhikari/.m2/repository/org/glassfish/jaxb/jaxb-runtime/4.0.4/jaxb-runtime-4.0.4.jar:/Users/suhitadhikari/.m2/repository/org/glassfish/jaxb/jaxb-core/4.0.4/jaxb-core-4.0.4.jar:/Users/suhitadhikari/.m2/repository/org/eclipse/angus/angus-activation/2.0.1/angus-activation-2.0.1.jar:/Users/suhitadhikari/.m2/repository/org/glassfish/jaxb/txw2/4.0.4/txw2-4.0.4.jar:/Users/suhitadhikari/.m2/repository/com/sun/istack/istack-commons-runtime/4.1.2/istack-commons-runtime-4.1.2.jar:/Users/suhitadhikari/.m2/repository/jakarta/inject/jakarta.inject-api/2.0.1/jakarta.inject-api-2.0.1.jar:/Users/suhitadhikari/.m2/repository/org/antlr/antlr4-runtime/4.10.1/antlr4-runtime-4.10.1.jar:/Users/suhitadhikari/.m2/repository/com/mysql/mysql-connector-j/8.0.33/mysql-connector-j-8.0.33.jar:"/>
    <property name="java.vm.vendor" value="Oracle Corporation"/>
    <property name="sun.arch.data.model" value="64"/>
    <property name="java.vendor.url" value="https://java.oracle.com/"/>
    <property name="user.timezone" value="America/New_York"/>
    <property name="org.jboss.logging.provider" value="slf4j"/>
    <property name="os.name" value="Mac OS X"/>
    <property name="java.vm.specification.version" value="17"/>
    <property name="sun.java.launcher" value="SUN_STANDARD"/>
    <property name="user.country" value="US"/>
    <property name="sun.boot.library.path" value="/Library/Java/JavaVirtualMachines/jdk-17.jdk/Contents/Home/lib"/>
    <property name="sun.java.command" value="/Users/suhitadhikari/Desktop/getReal/Spring/target/surefire/surefirebooter-20231109000553300_3.jar /Users/suhitadhikari/Desktop/getReal/Spring/target/surefire 2023-11-09T00-05-53_208-jvmRun1 surefire-20231109000553300_1tmp surefire_0-20231109000553300_2tmp"/>
    <property name="http.nonProxyHosts" value="local|*.local|169.254/16|*.169.254/16"/>
    <property name="jdk.debug" value="release"/>
    <property name="surefire.test.class.path" value="/Users/suhitadhikari/Desktop/getReal/Spring/target/test-classes:/Users/suhitadhikari/Desktop/getReal/Spring/target/classes:/Users/suhitadhikari/.m2/repository/org/springframework/boot/spring-boot-starter/3.2.0-SNAPSHOT/spring-boot-starter-3.2.0-SNAPSHOT.jar:/Users/suhitadhikari/.m2/repository/org/springframework/boot/spring-boot/3.2.0-SNAPSHOT/spring-boot-3.2.0-SNAPSHOT.jar:/Users/suhitadhikari/.m2/repository/org/springframework/spring-context/6.1.0-RC2/spring-context-6.1.0-RC2.jar:/Users/suhitadhikari/.m2/repository/org/springframework/spring-aop/6.1.0-RC2/spring-aop-6.1.0-RC2.jar:/Users/suhitadhikari/.m2/repository/org/springframework/spring-beans/6.1.0-RC2/spring-beans-6.1.0-RC2.jar:/Users/suhitadhikari/.m2/repository/org/springframework/spring-expression/6.1.0-RC2/spring-expression-6.1.0-RC2.jar:/Users/suhitadhikari/.m2/repository/io/micrometer/micrometer-observation/1.12.0-RC1/micrometer-observation-1.12.0-RC1.jar:/Users/suhitadhikari/.m2/repository/io/micrometer/micrometer-commons/1.12.0-RC1/micrometer-commons-1.12.0-RC1.jar:/Users/suhitadhikari/.m2/repository/org/springframework/boot/spring-boot-autoconfigure/3.2.0-SNAPSHOT/spring-boot-autoconfigure-3.2.0-SNAPSHOT.jar:/Users/suhitadhikari/.m2/repository/org/springframework/boot/spring-boot-starter-logging/3.2.0-SNAPSHOT/spring-boot-starter-logging-3.2.0-SNAPSHOT.jar:/Users/suhitadhikari/.m2/repository/ch/qos/logback/logback-classic/1.4.11/logback-classic-1.4.11.jar:/Users/suhitadhikari/.m2/repository/ch/qos/logback/logback-core/1.4.11/logback-core-1.4.11.jar:/Users/suhitadhikari/.m2/repository/org/apache/logging/log4j/log4j-to-slf4j/2.21.1/log4j-to-slf4j-2.21.1.jar:/Users/suhitadhikari/.m2/repository/org/apache/logging/log4j/log4j-api/2.21.1/log4j-api-2.21.1.jar:/Users/suhitadhikari/.m2/repository/org/slf4j/jul-to-slf4j/2.0.9/jul-to-slf4j-2.0.9.jar:/Users/suhitadhikari/.m2/repository/jakarta/annotation/jakarta.annotation-api/2.1.1/jakarta.annotation-api-2.1.1.jar:/Users/suhitadhikari/.m2/repository/org/springframework/spring-core/6.1.0-RC2/spring-core-6.1.0-RC2.jar:/Users/suhitadhikari/.m2/repository/org/springframework/spring-jcl/6.1.0-RC2/spring-jcl-6.1.0-RC2.jar:/Users/suhitadhikari/.m2/repository/org/yaml/snakeyaml/2.2/snakeyaml-2.2.jar:/Users/suhitadhikari/.m2/repository/org/springframework/boot/spring-boot-starter-test/3.2.0-SNAPSHOT/spring-boot-starter-test-3.2.0-SNAPSHOT.jar:/Users/suhitadhikari/.m2/repository/org/springframework/boot/spring-boot-test/3.2.0-SNAPSHOT/spring-boot-test-3.2.0-SNAPSHOT.jar:/Users/suhitadhikari/.m2/repository/org/springframework/boot/spring-boot-test-autoconfigure/3.2.0-SNAPSHOT/spring-boot-test-autoconfigure-3.2.0-SNAPSHOT.jar:/Users/suhitadhikari/.m2/repository/com/jayway/jsonpath/json-path/2.8.0/json-path-2.8.0.jar:/Users/suhitadhikari/.m2/repository/org/slf4j/slf4j-api/2.0.9/slf4j-api-2.0.9.jar:/Users/suhitadhikari/.m2/repository/jakarta/xml/bind/jakarta.xml.bind-api/4.0.1/jakarta.xml.bind-api-4.0.1.jar:/Users/suhitadhikari/.m2/repository/jakarta/activation/jakarta.activation-api/2.1.2/jakarta.activation-api-2.1.2.jar:/Users/suhitadhikari/.m2/repository/net/minidev/json-smart/2.5.0/json-smart-2.5.0.jar:/Users/suhitadhikari/.m2/repository/net/minidev/accessors-smart/2.5.0/accessors-smart-2.5.0.jar:/Users/suhitadhikari/.m2/repository/org/ow2/asm/asm/9.3/asm-9.3.jar:/Users/suhitadhikari/.m2/repository/org/assertj/assertj-core/3.24.2/assertj-core-3.24.2.jar:/Users/suhitadhikari/.m2/repository/org/awaitility/awaitility/4.2.0/awaitility-4.2.0.jar:/Users/suhitadhikari/.m2/repository/org/hamcrest/hamcrest/2.2/hamcrest-2.2.jar:/Users/suhitadhikari/.m2/repository/org/junit/jupiter/junit-jupiter/5.10.0/junit-jupiter-5.10.0.jar:/Users/suhitadhikari/.m2/repository/org/junit/jupiter/junit-jupiter-api/5.10.0/junit-jupiter-api-5.10.0.jar:/Users/suhitadhikari/.m2/repository/org/opentest4j/opentest4j/1.3.0/opentest4j-1.3.0.jar:/Users/suhitadhikari/.m2/repository/org/junit/platform/junit-platform-commons/1.10.0/junit-platform-commons-1.10.0.jar:/Users/suhitadhikari/.m2/repository/org/apiguardian/apiguardian-api/1.1.2/apiguardian-api-1.1.2.jar:/Users/suhitadhikari/.m2/repository/org/junit/jupiter/junit-jupiter-params/5.10.0/junit-jupiter-params-5.10.0.jar:/Users/suhitadhikari/.m2/repository/org/junit/jupiter/junit-jupiter-engine/5.10.0/junit-jupiter-engine-5.10.0.jar:/Users/suhitadhikari/.m2/repository/org/junit/platform/junit-platform-engine/1.10.0/junit-platform-engine-1.10.0.jar:/Users/suhitadhikari/.m2/repository/org/mockito/mockito-core/5.6.0/mockito-core-5.6.0.jar:/Users/suhitadhikari/.m2/repository/net/bytebuddy/byte-buddy-agent/1.14.9/byte-buddy-agent-1.14.9.jar:/Users/suhitadhikari/.m2/repository/org/objenesis/objenesis/3.3/objenesis-3.3.jar:/Users/suhitadhikari/.m2/repository/org/mockito/mockito-junit-jupiter/5.6.0/mockito-junit-jupiter-5.6.0.jar:/Users/suhitadhikari/.m2/repository/org/skyscreamer/jsonassert/1.5.1/jsonassert-1.5.1.jar:/Users/suhitadhikari/.m2/repository/com/vaadin/external/google/android-json/0.0.20131108.vaadin1/android-json-0.0.20131108.vaadin1.jar:/Users/suhitadhikari/.m2/repository/org/springframework/spring-test/6.1.0-RC2/spring-test-6.1.0-RC2.jar:/Users/suhitadhikari/.m2/repository/org/xmlunit/xmlunit-core/2.9.1/xmlunit-core-2.9.1.jar:/Users/suhitadhikari/.m2/repository/org/hibernate/orm/hibernate-core/6.3.1.Final/hibernate-core-6.3.1.Final.jar:/Users/suhitadhikari/.m2/repository/jakarta/persistence/jakarta.persistence-api/3.1.0/jakarta.persistence-api-3.1.0.jar:/Users/suhitadhikari/.m2/repository/jakarta/transaction/jakarta.transaction-api/2.0.1/jakarta.transaction-api-2.0.1.jar:/Users/suhitadhikari/.m2/repository/org/jboss/logging/jboss-logging/3.5.3.Final/jboss-logging-3.5.3.Final.jar:/Users/suhitadhikari/.m2/repository/org/hibernate/common/hibernate-commons-annotations/6.0.6.Final/hibernate-commons-annotations-6.0.6.Final.jar:/Users/suhitadhikari/.m2/repository/io/smallrye/jandex/3.1.2/jandex-3.1.2.jar:/Users/suhitadhikari/.m2/repository/com/fasterxml/classmate/1.6.0/classmate-1.6.0.jar:/Users/suhitadhikari/.m2/repository/net/bytebuddy/byte-buddy/1.14.9/byte-buddy-1.14.9.jar:/Users/suhitadhikari/.m2/repository/org/glassfish/jaxb/jaxb-runtime/4.0.4/jaxb-runtime-4.0.4.jar:/Users/suhitadhikari/.m2/repository/org/glassfish/jaxb/jaxb-core/4.0.4/jaxb-core-4.0.4.jar:/Users/suhitadhikari/.m2/repository/org/eclipse/angus/angus-activation/2.0.1/angus-activation-2.0.1.jar:/Users/suhitadhikari/.m2/repository/org/glassfish/jaxb/txw2/4.0.4/txw2-4.0.4.jar:/Users/suhitadhikari/.m2/repository/com/sun/istack/istack-commons-runtime/4.1.2/istack-commons-runtime-4.1.2.jar:/Users/suhitadhikari/.m2/repository/jakarta/inject/jakarta.inject-api/2.0.1/jakarta.inject-api-2.0.1.jar:/Users/suhitadhikari/.m2/repository/org/antlr/antlr4-runtime/4.10.1/antlr4-runtime-4.10.1.jar:/Users/suhitadhikari/.m2/repository/com/mysql/mysql-connector-j/8.0.33/mysql-connector-j-8.0.33.jar:"/>
    <property name="sun.cpu.endian" value="little"/>
    <property name="user.home" value="/Users/suhitadhikari"/>
    <property name="user.language" value="en"/>
    <property name="java.specification.vendor" value="Oracle Corporation"/>
    <property name="java.version.date" value="2023-10-17"/>
    <property name="java.home" value="/Library/Java/JavaVirtualMachines/jdk-17.jdk/Contents/Home"/>
    <property name="file.separator" value="/"/>
    <property name="style.color" value="always"/>
    <property name="basedir" value="/Users/suhitadhikari/Desktop/getReal/Spring"/>
    <property name="java.vm.compressedOopsMode" value="Zero based"/>
    <property name="line.separator" value="&#10;"/>
    <property name="java.vm.specification.vendor" value="Oracle Corporation"/>
    <property name="java.specification.name" value="Java Platform API Specification"/>
    <property name="FILE_LOG_CHARSET" value="UTF-8"/>
    <property name="java.awt.headless" value="true"/>
    <property name="surefire.real.class.path" value="/Users/suhitadhikari/Desktop/getReal/Spring/target/surefire/surefirebooter-20231109000553300_3.jar"/>
    <property name="sun.management.compiler" value="HotSpot 64-Bit Tiered Compilers"/>
    <property name="ftp.nonProxyHosts" value="local|*.local|169.254/16|*.169.254/16"/>
    <property name="java.runtime.version" value="17.0.9+11-LTS-201"/>
    <property name="user.name" value="suhitadhikari"/>
    <property name="path.separator" value=":"/>
    <property name="os.version" value="10.14.6"/>
    <property name="java.runtime.name" value="Java(TM) SE Runtime Environment"/>
    <property name="file.encoding" value="UTF-8"/>
    <property name="java.vm.name" value="Java HotSpot(TM) 64-Bit Server VM"/>
    <property name="localRepository" value="/Users/suhitadhikari/.m2/repository"/>
    <property name="java.vendor.url.bug" value="https://bugreport.java.com/bugreport/"/>
    <property name="java.io.tmpdir" value="/var/folders/z1/mrzh0cnx0_v_p456t4stjtz00000gn/T/"/>
    <property name="java.version" value="17.0.9"/>
    <property name="user.dir" value="/Users/suhitadhikari/Desktop/getReal/Spring"/>
    <property name="os.arch" value="x86_64"/>
    <property name="java.vm.specification.name" value="Java Virtual Machine Specification"/>
    <property name="PID" value="2405"/>
    <property name="CONSOLE_LOG_CHARSET" value="UTF-8"/>
    <property name="native.encoding" value="UTF-8"/>
    <property name="java.library.path" value="/Users/suhitadhikari/Library/Java/Extensions:/Library/Java/Extensions:/Network/Library/Java/Extensions:/System/Library/Java/Extensions:/usr/lib/java:."/>
    <property name="java.vm.info" value="mixed mode, sharing"/>
    <property name="java.vendor" value="Oracle Corporation"/>
    <property name="java.vm.version" value="17.0.9+11-LTS-201"/>
    <property name="sun.io.unicode.encoding" value="UnicodeBig"/>
    <property name="socksNonProxyHosts" value="local|*.local|169.254/16|*.169.254/16"/>
    <property name="java.class.version" value="61.0"/>
  </properties>
  <testcase name="contextLoads" classname="com.suhit_project.Spring.ApplicationTests" time="0.951">
    <system-out><![CDATA[00:05:54.604 [main] INFO org.springframework.test.context.support.AnnotationConfigContextLoaderUtils -- Could not detect default configuration classes for test class [com.suhit_project.Spring.ApplicationTests]: ApplicationTests does not declare any static, non-private, non-final, nested classes annotated with @Configuration.
00:05:54.733 [main] INFO org.springframework.boot.test.context.SpringBootTestContextBootstrapper -- Found @SpringBootConfiguration com.suhit_project.Spring.Application for test class com.suhit_project.Spring.ApplicationTests

  .   ____          _            __ _ _
 /\\ / ___'_ __ _ _(_)_ __  __ _ \ \ \ \
( ( )\___ | '_ | '_| | '_ \/ _` | \ \ \ \
 \\/  ___)| |_)| | | | | || (_| |  ) ) ) )
  '  |____| .__|_| |_|_| |_\__, | / / / /
 =========|_|==============|___/=/_/_/_/
 :: Spring Boot ::       (v3.2.0-SNAPSHOT)

2023-11-09T00:05:55.126-05:00  INFO 2405 --- [           main] c.suhit_project.Spring.ApplicationTests  : Starting ApplicationTests using Java 17.0.9 with PID 2405 (started by suhitadhikari in /Users/suhitadhikari/Desktop/getReal/Spring)
2023-11-09T00:05:55.128-05:00  INFO 2405 --- [           main] c.suhit_project.Spring.ApplicationTests  : No active profile set, falling back to 1 default profile: "default"
2023-11-09T00:05:55.637-05:00  INFO 2405 --- [           main] c.suhit_project.Spring.ApplicationTests  : Started ApplicationTests in 0.75 seconds (process running for 2.252)
]]></system-out>
  </testcase>
</testsuite>